2025-03-01 11:25:17,898 INFO o.a.j.u.JMeterUtils: Setting Locale to en_IN
2025-03-01 11:25:17,914 INFO o.a.j.JMeter: Loading user properties from: user.properties
2025-03-01 11:25:17,914 INFO o.a.j.JMeter: Loading system properties from: system.properties
2025-03-01 11:25:17,922 INFO o.a.j.JMeter: Copyright (c) 1998-2024 The Apache Software Foundation
2025-03-01 11:25:17,922 INFO o.a.j.JMeter: Version 5.6.3
2025-03-01 11:25:17,922 INFO o.a.j.JMeter: java.version=1.8.0_441
2025-03-01 11:25:17,922 INFO o.a.j.JMeter: java.vm.name=Java HotSpot(TM) 64-Bit Server VM
2025-03-01 11:25:17,922 INFO o.a.j.JMeter: os.name=Windows 10
2025-03-01 11:25:17,922 INFO o.a.j.JMeter: os.arch=amd64
2025-03-01 11:25:17,922 INFO o.a.j.JMeter: os.version=10.0
2025-03-01 11:25:17,923 INFO o.a.j.JMeter: file.encoding=Cp1252
2025-03-01 11:25:17,923 INFO o.a.j.JMeter: java.awt.headless=null
2025-03-01 11:25:17,923 INFO o.a.j.JMeter: Max memory     =3747086336
2025-03-01 11:25:17,923 INFO o.a.j.JMeter: Available Processors =4
2025-03-01 11:25:17,928 INFO o.a.j.JMeter: Default Locale=English (India)
2025-03-01 11:25:17,928 INFO o.a.j.JMeter: JMeter  Locale=English (India)
2025-03-01 11:25:17,928 INFO o.a.j.JMeter: JMeterHome=C:\Users\KiwiTech\Downloads\apache-jmeter-5.6.3
2025-03-01 11:25:17,928 INFO o.a.j.JMeter: user.dir  =C:\Users\KiwiTech\Downloads\apache-jmeter-5.6.3\bin
2025-03-01 11:25:17,929 INFO o.a.j.JMeter: PWD       =C:\Users\KiwiTech\Downloads\apache-jmeter-5.6.3\bin
2025-03-01 11:25:17,930 INFO o.a.j.JMeter: IP: 192.168.1.25 Name: DESKTOP-1PA91UR FullName: DESKTOP-1PA91UR
2025-03-01 11:25:17,949 INFO o.a.j.JMeter: Loaded icon properties from org/apache/jmeter/images/icon.properties
2025-03-01 11:25:18,139 INFO o.a.j.JMeterGuiLauncher: Setting LAF to: com.github.weisj.darklaf.DarkLaf:com.github.weisj.darklaf.theme.DarculaTheme
2025-03-01 11:25:35,863 INFO o.a.j.s.FileServer: Default base='C:\Users\KiwiTech\Downloads\apache-jmeter-5.6.3\bin'
2025-03-01 11:25:35,864 INFO o.a.j.s.FileServer: Set new base='C:\Users\KiwiTech\Downloads\apache-jmeter-5.6.3\bin'
2025-03-01 11:25:36,097 INFO o.a.j.s.SaveService: Testplan (JMX) version: 2.2. Testlog (JTL) version: 2.2
2025-03-01 11:25:36,123 INFO o.a.j.s.SaveService: Using SaveService properties file encoding UTF-8
2025-03-01 11:25:36,124 INFO o.a.j.s.SaveService: Using SaveService properties version 5.0
